0 info it worked if it ends with ok
1 verbose cli [ '/usr/bin/node', '/usr/bin/npm', 'run', 'deploy' ]
2 info using npm@3.5.2
3 info using node@v8.10.0
4 verbose run-script [ 'predeploy', 'deploy', 'postdeploy' ]
5 info lifecycle mp3player@1.0.1~predeploy: mp3player@1.0.1
6 silly lifecycle mp3player@1.0.1~predeploy: no script for predeploy, continuing
7 info lifecycle mp3player@1.0.1~deploy: mp3player@1.0.1
8 verbose lifecycle mp3player@1.0.1~deploy: unsafe-perm in lifecycle true
9 verbose lifecycle mp3player@1.0.1~deploy: PATH: /usr/share/npm/bin/node-gyp-bin:/mnt/c/Users/rick/ririchi2/projects/mp3player/node_modules/.bin:/usr/local/sbin:/usr/local/bin:/usr/sbin:/usr/bin:/sbin:/bin:/usr/games:/usr/local/games:/mnt/c/Program Files (x86)/Common Files/Oracle/Java/javapath_target_18915296:/mnt/c/Windows/System32:/mnt/c/Windows:/mnt/c/Windows/System32/wbem:/mnt/c/Windows/System32/WindowsPowerShell/v1.0:/mnt/c/Windows/System32/OpenSSH:/mnt/c/Program Files (x86)/NVIDIA Corporation/PhysX/Common:/mnt/c/Users/rick/AppData/Local/Microsoft/WindowsApps:/mnt/c/Users/rick/AppData/Local/Microsoft/WindowsApps:/snap/bin
10 verbose lifecycle mp3player@1.0.1~deploy: CWD: /mnt/c/Users/rick/ririchi2/projects/mp3player
11 silly lifecycle mp3player@1.0.1~deploy: Args: [ '-c', 'git subtree push --prefix build origin gh-pages' ]
12 silly lifecycle mp3player@1.0.1~deploy: Returned: code: 1  signal: null
13 info lifecycle mp3player@1.0.1~deploy: Failed to exec deploy script
14 verbose stack Error: mp3player@1.0.1 deploy: `git subtree push --prefix build origin gh-pages`
14 verbose stack Exit status 1
14 verbose stack     at EventEmitter.<anonymous> (/usr/share/npm/lib/utils/lifecycle.js:232:16)
14 verbose stack     at emitTwo (events.js:126:13)
14 verbose stack     at EventEmitter.emit (events.js:214:7)
14 verbose stack     at ChildProcess.<anonymous> (/usr/share/npm/lib/utils/spawn.js:24:14)
14 verbose stack     at emitTwo (events.js:126:13)
14 verbose stack     at ChildProcess.emit (events.js:214:7)
14 verbose stack     at maybeClose (internal/child_process.js:925:16)
14 verbose stack     at Process.ChildProcess._handle.onexit (internal/child_process.js:209:5)
15 verbose pkgid mp3player@1.0.1
16 verbose cwd /mnt/c/Users/rick/ririchi2/projects/mp3player
17 error Linux 4.4.0-17134-Microsoft
18 error argv "/usr/bin/node" "/usr/bin/npm" "run" "deploy"
19 error node v8.10.0
20 error npm  v3.5.2
21 error code ELIFECYCLE
22 error mp3player@1.0.1 deploy: `git subtree push --prefix build origin gh-pages`
22 error Exit status 1
23 error Failed at the mp3player@1.0.1 deploy script 'git subtree push --prefix build origin gh-pages'.
23 error Make sure you have the latest version of node.js and npm installed.
23 error If you do, this is most likely a problem with the mp3player package,
23 error not with npm itself.
23 error Tell the author that this fails on your system:
23 error     git subtree push --prefix build origin gh-pages
23 error You can get information on how to open an issue for this project with:
23 error     npm bugs mp3player
23 error Or if that isn't available, you can get their info via:
23 error     npm owner ls mp3player
23 error There is likely additional logging output above.
24 verbose exit [ 1, true ]
